<?xml version="1.0" encoding="UTF-8"?>
<testng-results skipped="0" failed="1" ignored="0" total="1" passed="0">
  <reporter-output>
  </reporter-output>
  <suite name="Default suite" duration-ms="51517" started-at="2021-12-13T19:05:05Z" finished-at="2021-12-13T19:05:56Z">
    <groups>
    </groups>
    <test name="Default test" duration-ms="51517" started-at="2021-12-13T19:05:05Z" finished-at="2021-12-13T19:05:56Z">
      <class name="crypto.Latest_Portfolio">
        <test-method status="PASS" signature="launchCryptoExchangerApplication()[pri:0, instance:crypto.Latest_Portfolio@7d907bac]" name="launchCryptoExchangerApplication" is-config="true" duration-ms="14986" started-at="2021-12-13T19:05:05Z" finished-at="2021-12-13T19:05:20Z">
          <reporter-output>
          </reporter-output>
        </test-method> <!-- launchCryptoExchangerApplication -->
        <test-method status="FAIL" signature="dataRead_CSV()[pri:0, instance:crypto.Latest_Portfolio@7d907bac]" name="dataRead_CSV" duration-ms="35802" started-at="2021-12-13T19:05:20Z" finished-at="2021-12-13T19:05:56Z">
          <exception class="java.lang.NullPointerException">
            <full-stacktrace>
              <![CDATA[java.lang.NullPointerException
at java.lang.String.compareTo(String.java:1155)
at java.lang.String.compareTo(String.java:111)
at java.util.Collections$ReverseComparator.compare(Collections.java:5117)
at java.util.Collections$ReverseComparator.compare(Collections.java:5108)
at java.util.TimSort.countRunAndMakeAscending(TimSort.java:355)
at java.util.TimSort.sort(TimSort.java:234)
at java.util.Arrays.sort(Arrays.java:1438)
at crypto.Latest_Portfolio.dataRead_CSV(Latest_Portfolio.java:140)
at sun.reflect.NativeMethodAccessorImpl.invoke0(Native Method)
at sun.reflect.NativeMethodAccessorImpl.invoke(NativeMethodAccessorImpl.java:62)
at sun.reflect.DelegatingMethodAccessorImpl.invoke(DelegatingMethodAccessorImpl.java:43)
at java.lang.reflect.Method.invoke(Method.java:498)
at org.testng.internal.MethodInvocationHelper.invokeMethod(MethodInvocationHelper.java:124)
at org.testng.internal.Invoker.invokeMethod(Invoker.java:580)
at org.testng.internal.Invoker.invokeTestMethod(Invoker.java:716)
at org.testng.internal.Invoker.invokeTestMethods(Invoker.java:988)
at org.testng.internal.TestMethodWorker.invokeTestMethods(TestMethodWorker.java:125)
at org.testng.internal.TestMethodWorker.run(TestMethodWorker.java:109)
at org.testng.TestRunner.privateRun(TestRunner.java:648)
at org.testng.TestRunner.run(TestRunner.java:505)
at org.testng.SuiteRunner.runTest(SuiteRunner.java:455)
at org.testng.SuiteRunner.runSequentially(SuiteRunner.java:450)
at org.testng.SuiteRunner.privateRun(SuiteRunner.java:415)
at org.testng.SuiteRunner.run(SuiteRunner.java:364)
at org.testng.SuiteRunnerWorker.runSuite(SuiteRunnerWorker.java:52)
at org.testng.SuiteRunnerWorker.run(SuiteRunnerWorker.java:84)
at org.testng.TestNG.runSuitesSequentially(TestNG.java:1208)
at org.testng.TestNG.runSuitesLocally(TestNG.java:1137)
at org.testng.TestNG.runSuites(TestNG.java:1049)
at org.testng.TestNG.run(TestNG.java:1017)
at org.testng.remote.AbstractRemoteTestNG.run(AbstractRemoteTestNG.java:114)
at org.testng.remote.RemoteTestNG.initAndRun(RemoteTestNG.java:251)
at org.testng.remote.RemoteTestNG.main(RemoteTestNG.java:77)
]]>
            </full-stacktrace>
          </exception> <!-- java.lang.NullPointerException -->
          <reporter-output>
          </reporter-output>
        </test-method> <!-- dataRead_CSV -->
        <test-method status="PASS" signature="closeOpenConnections()[pri:0, instance:crypto.Latest_Portfolio@7d907bac]" name="closeOpenConnections" is-config="true" duration-ms="712" started-at="2021-12-13T19:05:56Z" finished-at="2021-12-13T19:05:56Z">
          <reporter-output>
          </reporter-output>
        </test-method> <!-- closeOpenConnections -->
      </class> <!-- crypto.Latest_Portfolio -->
    </test> <!-- Default test -->
  </suite> <!-- Default suite -->
</testng-results>
